<?xml version="1.0" encoding="UTF-8"?>
<Site BuildName="(empty)"
	BuildStamp="20230621-0440-Experimental"
	Name="(empty)"
	Generator="ctest-3.26.4"
	CompilerName=""
	CompilerVersion=""
	OSName="Linux"
	Hostname="HUY"
	OSRelease="5.4.0-150-generic"
	OSVersion="#167~18.04.1-Ubuntu SMP Wed May 24 00:51:42 UTC 2023"
	OSPlatform="x86_64"
	Is64Bits="1"
	VendorString="GenuineIntel"
	VendorID="Intel Corporation"
	FamilyID="6"
	ModelID="158"
	ProcessorCacheSize="8192"
	NumberOfLogicalCPU="8"
	NumberOfPhysicalCPU="4"
	TotalVirtualMemory="7812"
	TotalPhysicalMemory="7864"
	LogicalProcessorsPerPhysical="2"
	ProcessorClockFrequency="3338.75"
	>
	<Testing>
		<StartDateTime>Jun 21 11:40 +07</StartDateTime>
		<StartTestTime>1687322440</StartTestTime>
		<TestList/>
		<EndDateTime>Jun 21 11:40 +07</EndDateTime>
		<EndTestTime>1687322440</EndTestTime>
		<ElapsedMinutes>0</ElapsedMinutes>
	</Testing>
</Site>
